Log file open, 09/11/19 15:26:30
LogWindows: Failed to load 'aqProf.dll' (GetLastError=126)
LogWindows: File 'aqProf.dll' does not exist
LogWindows: Failed to load 'VtuneApi.dll' (GetLastError=126)
LogWindows: File 'VtuneApi.dll' does not exist
LogWindows: Failed to load 'VtuneApi32e.dll' (GetLastError=126)
LogWindows: File 'VtuneApi32e.dll' does not exist
LogInit: Display: Running engine for game: TaurusTAGD
LogInit: Display: Project file not found: ../../../TaurusTAGD/TaurusTAGD.uproject
LogInit: Display: 	Attempting to find via project info helper.
LogUProjectInfo: Found projects:
LogPakFile: Display: Found Pak file ../../../TaurusTAGD/Content/Paks/TaurusTAGD-WindowsNoEditor.pak attempting to mount.
LogPakFile: Display: Mounting pak file ../../../TaurusTAGD/Content/Paks/TaurusTAGD-WindowsNoEditor.pak.
LogPlatformFile: Not using cached read wrapper
LogTaskGraph: Started task graph with 5 named threads and 14 total threads with 3 sets of task threads.
LogStats: Stats thread started at 4.487041
LogD3D11RHI: Loaded GFSDK_Aftermath_Lib.x64.dll
LogICUInternationalization: Display: ICU TimeZone Detection - Raw Offset: -6:00, Platform Override: ''
LogPluginManager: Mounting plugin Paper2D
LogPluginManager: Mounting plugin AISupport
LogPluginManager: Mounting plugin LightPropagationVolume
LogPluginManager: Mounting plugin AssetManagerEditor
LogPluginManager: Mounting plugin CryptoKeys
LogPluginManager: Mounting plugin FacialAnimation
LogPluginManager: Mounting plugin MeshEditor
LogPluginManager: Mounting plugin EditableMesh
LogPluginManager: Mounting plugin DatasmithContent
LogPluginManager: Mounting plugin AlembicImporter
LogPluginManager: Mounting plugin GeometryCache
LogPluginManager: Mounting plugin AppleImageUtils
LogPluginManager: Mounting plugin AppleVision
LogPluginManager: Mounting plugin BackChannel
LogPluginManager: Mounting plugin CharacterAI
LogPluginManager: Mounting plugin HTML5Networking
LogPluginManager: Mounting plugin AvfMedia
LogPluginManager: Mounting plugin ImgMedia
LogPluginManager: Mounting plugin LinearTimecode
LogPluginManager: Mounting plugin MediaCompositing
LogPluginManager: Mounting plugin WmfMedia
LogPluginManager: Mounting plugin TcpMessaging
LogPluginManager: Mounting plugin UdpMessaging
LogPluginManager: Mounting plugin ActorSequence
LogPluginManager: Mounting plugin NetcodeUnitTest
LogPluginManager: Mounting plugin NUTUnrealEngine4
LogPluginManager: Mounting plugin OnlineSubsystem
LogPluginManager: Mounting plugin OnlineSubsystemNull
LogPluginManager: Mounting plugin OnlineSubsystemUtils
LogPluginManager: Mounting plugin LauncherChunkInstaller
LogPluginManager: Mounting plugin AndroidPermission
LogPluginManager: Mounting plugin ArchVisCharacter
LogPluginManager: Mounting plugin AudioCapture
LogPluginManager: Mounting plugin CableComponent
LogPluginManager: Mounting plugin CustomMeshComponent
LogPluginManager: Mounting plugin ExampleDeviceProfileSelector
LogPluginManager: Mounting plugin ImmediatePhysics
LogPluginManager: Mounting plugin LocationServicesBPLibrary
LogPluginManager: Mounting plugin MobilePatchingUtils
LogPluginManager: Mounting plugin OculusVR
LogPluginManager: Mounting plugin ProceduralMeshComponent
LogPluginManager: Mounting plugin PhysXVehicles
LogPluginManager: Mounting plugin RuntimePhysXCooking
LogPluginManager: Mounting plugin SteamVR
LogPluginManager: Mounting plugin WindowsMoviePlayer
LogStreaming: Display: Took  0.081s to configure plugins.
LogInit: Using libcurl 7.55.1-DEV
LogInit:  - built for x86_64-pc-win32
LogInit:  - supports SSL with OpenSSL/1.0.2h
LogInit:  - supports HTTP deflate (compression) using libz 1.2.8
LogInit:  - other features:
LogInit:      CURL_VERSION_SSL
LogInit:      CURL_VERSION_LIBZ
LogInit:      CURL_VERSION_IPV6
LogInit:      CURL_VERSION_ASYNCHDNS
LogInit:      CURL_VERSION_LARGEFILE
LogInit:      CURL_VERSION_IDN
LogInit:  CurlRequestOptions (configurable via config and command line):
LogInit:  - bVerifyPeer = false  - Libcurl will NOT verify peer certificate
LogInit:  - bUseHttpProxy = false  - Libcurl will NOT use HTTP proxy
LogInit:  - bDontReuseConnections = false  - Libcurl will reuse connections
LogInit:  - CertBundlePath = nullptr  - Libcurl will use whatever was configured at build time.
LogInit:  - MaxHostConnections = 16  - Libcurl will limit the number of connections to a host
LogInit:  - LocalHostAddr = Default
LogInit:  - BufferSize = 65536
LogInit: WinSock: version 1.1 (2.2), MaxSocks=32767, MaxUdp=65467
LogInit: Build: ++UE4+Release-4.20-CL-4369336
LogInit: Engine Version: 4.20.3-4369336+++UE4+Release-4.20
LogInit: Compatible Engine Version: 4.20.0-4212847+++UE4+Release-4.20
LogInit: Net CL: 4212847
LogInit: OS: Windows 10 (), CPU: Intel(R) Core(TM) i5-4590 CPU @ 3.30GHz, GPU: NVIDIA GeForce GTX 950
LogInit: Compiled (64-bit): Sep 17 2018 12:36:23
LogInit: Compiled with Visual C++: 19.00.24215.01
LogInit: Build Configuration: Development
LogInit: Branch Name: ++UE4+Release-4.20
LogInit: Command Line:  
LogInit: Base Directory: C:/Users/raini_000/Documents/Projects/Unreal/Labyrinth Game/WindowsNoEditor/Engine/Binaries/Win64/
LogInit: Installed Engine Build: 0
LogDevObjectVersion: Number of dev versions registered: 20
LogDevObjectVersion:   Dev-Blueprints (B0D832E4-1F89-4F0D-ACCF-7EB736FD4AA2): 10
LogDevObjectVersion:   Dev-Build (E1C64328-A22C-4D53-A36C-8E866417BD8C): 0
LogDevObjectVersion:   Dev-Core (375EC13C-06E4-48FB-B500-84F0262A717E): 2
LogDevObjectVersion:   Dev-Editor (E4B068ED-F494-42E9-A231-DA0B2E46BB41): 24
LogDevObjectVersion:   Dev-Framework (CFFC743F-43B0-4480-9391-14DF171D2073): 34
LogDevObjectVersion:   Dev-Mobile (B02B49B5-BB20-44E9-A304-32B752E40360): 2
LogDevObjectVersion:   Dev-Networking (A4E4105C-59A1-49B5-A7C5-40C4547EDFEE): 0
LogDevObjectVersion:   Dev-Online (39C831C9-5AE6-47DC-9A44-9C173E1C8E7C): 0
LogDevObjectVersion:   Dev-Physics (78F01B33-EBEA-4F98-B9B4-84EACCB95AA2): 0
LogDevObjectVersion:   Dev-Platform (6631380F-2D4D-43E0-8009-CF276956A95A): 0
LogDevObjectVersion:   Dev-Rendering (12F88B9F-8875-4AFC-A67C-D90C383ABD29): 26
LogDevObjectVersion:   Dev-Sequencer (7B5AE74C-D270-4C10-A958-57980B212A5A): 9
LogDevObjectVersion:   Dev-VR (D7296918-1DD6-4BDD-9DE2-64A83CC13884): 2
LogDevObjectVersion:   Dev-LoadTimes (C2A15278-BFE7-4AFE-6C17-90FF531DF755): 1
LogDevObjectVersion:   Private-Geometry (6EACA3D4-40EC-4CC1-B786-8BED09428FC5): 3
LogDevObjectVersion:   Dev-AnimPhys (29E575DD-E0A3-4627-9D10-D276232CDCEA): 17
LogDevObjectVersion:   Dev-ReflectionCapture (6B266CEC-1EC7-4B8F-A30B-E4D90942FC07): 1
LogDevObjectVersion:   Dev-Automation (0DF73D61-A23F-47EA-B727-89E90C41499A): 1
LogDevObjectVersion:   FortniteMain (601D1886-AC64-4F84-AA16-D3DE0DEAC7D6): 12
LogDevObjectVersion:   Dev-Enterprise (9DFFBCD6-494F-0158-E221-12823C92A888): 1
LogStreaming: Display: Took  0.001s to delete old logs.
LogInit: Presizing for max 2097152 objects, including 0 objects not considered by GC, pre-allocating 0 bytes for permanent pool.
LogStreaming: Display: Async Loading initialized: Event Driven Loader: true, Async Loading Thread: false, Async Post Load: true
LogInit: Object subsystem initialized
[2019.09.11-20.26.31:870][  0]LogInit: Selected Device Profile: [WindowsNoEditor]
[2019.09.11-20.26.31:888][  0]LogInit: Applying CVar settings loaded from the selected device profile: [WindowsNoEditor]
[2019.09.11-20.26.31:909][  0]LogHAL: Display: Platform has ~ 8 GB [8526032896 / 8589934592 / 8], which maps to Default [LargestMinGB=32, LargerMinGB=12, DefaultMinGB=8, SmallerMinGB=6, SmallestMinGB=0)
[2019.09.11-20.26.31:909][  0]LogInit: Going up to parent DeviceProfile [Windows]
[2019.09.11-20.26.31:909][  0]LogInit: Setting Device Profile CVar: [[r.Vulkan.UseRealUBs:1]]
[2019.09.11-20.26.31:909][  0]LogInit: Going up to parent DeviceProfile []
[2019.09.11-20.26.31:937][  0]LogInit: Computer: RAIN-PC
[2019.09.11-20.26.31:937][  0]LogInit: User: raini000
[2019.09.11-20.26.31:937][  0]LogInit: CPU Page size=4096, Cores=4
[2019.09.11-20.26.31:937][  0]LogInit: High frequency timer resolution =10.000000 MHz
[2019.09.11-20.26.31:937][  0]LogMemory: Memory total: Physical=7.9GB (8GB approx)
[2019.09.11-20.26.31:937][  0]LogMemory: Platform Memory Stats for WindowsNoEditor
[2019.09.11-20.26.31:937][  0]LogMemory: Process Physical Memory: 55.40 MB used, 55.40 MB peak
[2019.09.11-20.26.31:937][  0]LogMemory: Process Virtual Memory: 63.65 MB used, 63.65 MB peak
[2019.09.11-20.26.31:937][  0]LogMemory: Physical Memory: 6289.82 MB used,  1841.24 MB free, 8131.06 MB total
[2019.09.11-20.26.31:937][  0]LogMemory: Virtual Memory: 4415.14 MB used,  1841.24 MB free, 134217728.00 MB total
[2019.09.11-20.26.34:078][  0]LogInit: Using OS detected language (en-US).
[2019.09.11-20.26.34:078][  0]LogInit: Using OS detected locale (en-US).
[2019.09.11-20.26.34:091][  0]LogTextLocalizationManager: No specific localization for 'en-US' exists, so the 'en' localization will be used.
[2019.09.11-20.26.34:129][  0]LogStreaming: Display: Took  0.051s to InitEngineTextLocalization.
[2019.09.11-20.26.35:079][  0]LogSlate: New Slate User Created.  User Index 0, Is Virtual User: 0
[2019.09.11-20.26.35:097][  0]LogSlate: Slate User Registered.  User Index 0, Is Virtual User: 0
[2019.09.11-20.26.35:496][  0]LogHMD: Failed to initialize OpenVR with code 110
[2019.09.11-20.26.35:510][  0]LogD3D11RHI: D3D11 adapters:
[2019.09.11-20.26.38:619][  0]LogD3D11RHI:    0. 'NVIDIA GeForce GTX 950' (Feature Level 11_0)
[2019.09.11-20.26.38:620][  0]LogD3D11RHI:       2007/0/4065 MB DedicatedVideo/DedicatedSystem/SharedSystem, Outputs:1, VendorId:0x10de
[2019.09.11-20.26.38:681][  0]LogD3D11RHI:    1. 'Microsoft Basic Render Driver' (Feature Level 11_0)
[2019.09.11-20.26.38:681][  0]LogD3D11RHI:       0/0/4065 MB DedicatedVideo/DedicatedSystem/SharedSystem, Outputs:0, VendorId:0x1414
[2019.09.11-20.26.38:681][  0]LogD3D11RHI: Chosen D3D11 Adapter: 0
[2019.09.11-20.26.38:715][  0]LogD3D11RHI: Creating new Direct3DDevice
[2019.09.11-20.26.38:715][  0]LogD3D11RHI:     GPU DeviceId: 0x1402 (for the marketing name, search the web for "GPU Device Id")
[2019.09.11-20.26.38:724][  0]LogWindows: EnumDisplayDevices:
[2019.09.11-20.26.38:725][  0]LogWindows:    0. 'NVIDIA GeForce GTX 950' (P:1 D:1)
[2019.09.11-20.26.38:725][  0]LogWindows:    1. 'NVIDIA GeForce GTX 950' (P:0 D:0)
[2019.09.11-20.26.38:726][  0]LogWindows:    2. 'NVIDIA GeForce GTX 950' (P:0 D:0)
[2019.09.11-20.26.38:726][  0]LogWindows:    3. 'NVIDIA GeForce GTX 950' (P:0 D:0)
[2019.09.11-20.26.38:727][  0]LogWindows: DebugString: FoundDriverCount:4 
[2019.09.11-20.26.38:727][  0]LogD3D11RHI:     Adapter Name: NVIDIA GeForce GTX 950
[2019.09.11-20.26.38:727][  0]LogD3D11RHI:   Driver Version: 431.36 (internal:26.21.14.3136, unified:431.36)
[2019.09.11-20.26.38:727][  0]LogD3D11RHI:      Driver Date: 7-3-2019
[2019.09.11-20.26.38:727][  0]LogRHI: Texture pool is 1405 MB (70% of 2007 MB)
[2019.09.11-20.26.38:944][  0]LogD3D11RHI: Async texture creation enabled
[2019.09.11-20.26.39:408][  0]LogD3D11RHI: GPU Timing Frequency: 1000.000000 (Debug: 2 1)
[2019.09.11-20.26.39:577][  0]LogShaderLibrary: Display: Failed to load Shared Shader Library: Global and no native library supported.
[2019.09.11-20.26.39:578][  0]LogShaderLibrary: Display: Failed to load Shared Shader Library: Global_SC and no native library supported.
[2019.09.11-20.26.39:578][  0]LogShaderLibrary: Display: Failed to load Shared Shader Library: Paper2D and no native library supported.
[2019.09.11-20.26.39:578][  0]LogShaderLibrary: Display: Failed to load Shared Shader Library: Paper2D_SC and no native library supported.
[2019.09.11-20.26.39:578][  0]LogShaderLibrary: Display: Failed to load Shared Shader Library: Paper2D and no native library supported.
[2019.09.11-20.26.39:579][  0]LogShaderLibrary: Display: Failed to load Shared Shader Library: Paper2D_SC and no native library supported.
[2019.09.11-20.26.39:579][  0]LogShaderLibrary: Display: Failed to load Shared Shader Library: CryptoKeys and no native library supported.
[2019.09.11-20.26.39:579][  0]LogShaderLibrary: Display: Failed to load Shared Shader Library: CryptoKeys_SC and no native library supported.
[2019.09.11-20.26.39:579][  0]LogShaderLibrary: Display: Failed to load Shared Shader Library: CryptoKeys and no native library supported.
[2019.09.11-20.26.39:579][  0]LogShaderLibrary: Display: Failed to load Shared Shader Library: CryptoKeys_SC and no native library supported.
[2019.09.11-20.26.39:580][  0]LogShaderLibrary: Display: Failed to load Shared Shader Library: MeshEditor and no native library supported.
[2019.09.11-20.26.39:580][  0]LogShaderLibrary: Display: Failed to load Shared Shader Library: MeshEditor_SC and no native library supported.
[2019.09.11-20.26.39:580][  0]LogShaderLibrary: Display: Failed to load Shared Shader Library: MeshEditor and no native library supported.
[2019.09.11-20.26.39:580][  0]LogShaderLibrary: Display: Failed to load Shared Shader Library: MeshEditor_SC and no native library supported.
[2019.09.11-20.26.39:580][  0]LogShaderLibrary: Display: Failed to load Shared Shader Library: DatasmithContent and no native library supported.
[2019.09.11-20.26.39:581][  0]LogShaderLibrary: Display: Failed to load Shared Shader Library: DatasmithContent_SC and no native library supported.
[2019.09.11-20.26.39:581][  0]LogShaderLibrary: Display: Failed to load Shared Shader Library: DatasmithContent and no native library supported.
[2019.09.11-20.26.39:581][  0]LogShaderLibrary: Display: Failed to load Shared Shader Library: DatasmithContent_SC and no native library supported.
[2019.09.11-20.26.39:581][  0]LogShaderLibrary: Display: Failed to load Shared Shader Library: MediaCompositing and no native library supported.
[2019.09.11-20.26.39:582][  0]LogShaderLibrary: Display: Failed to load Shared Shader Library: MediaCompositing_SC and no native library supported.
[2019.09.11-20.26.39:582][  0]LogShaderLibrary: Display: Failed to load Shared Shader Library: MediaCompositing and no native library supported.
[2019.09.11-20.26.39:582][  0]LogShaderLibrary: Display: Failed to load Shared Shader Library: MediaCompositing_SC and no native library supported.
[2019.09.11-20.26.39:582][  0]LogShaderLibrary: Display: Failed to load Shared Shader Library: OculusVR and no native library supported.
[2019.09.11-20.26.39:582][  0]LogShaderLibrary: Display: Failed to load Shared Shader Library: OculusVR_SC and no native library supported.
[2019.09.11-20.26.39:583][  0]LogShaderLibrary: Display: Failed to load Shared Shader Library: OculusVR and no native library supported.
[2019.09.11-20.26.39:583][  0]LogShaderLibrary: Display: Failed to load Shared Shader Library: OculusVR_SC and no native library supported.
[2019.09.11-20.26.39:583][  0]LogShaderLibrary: Display: Failed to load Shared Shader Library: SteamVR and no native library supported.
[2019.09.11-20.26.39:583][  0]LogShaderLibrary: Display: Failed to load Shared Shader Library: SteamVR_SC and no native library supported.
[2019.09.11-20.26.39:583][  0]LogShaderLibrary: Display: Failed to load Shared Shader Library: SteamVR and no native library supported.
[2019.09.11-20.26.39:584][  0]LogShaderLibrary: Display: Failed to load Shared Shader Library: SteamVR_SC and no native library supported.
[2019.09.11-20.26.39:584][  0]LogRHI: Display: Failed to open default shader pipeline cache for TaurusTAGD using shader platform 0.
[2019.09.11-20.26.40:397][  0]LogMaterial: Verifying Global Shaders for PCD3D_SM5
[2019.09.11-20.26.40:765][  0]LogSlate: Using FreeType 2.6.0
[2019.09.11-20.26.40:809][  0]LogSlate: SlateFontServices - WITH_FREETYPE: 1, WITH_HARFBUZZ: 1
[2019.09.11-20.26.41:011][  0]LogShaderLibrary: Display: Failed to load Shared Shader Library: TaurusTAGD and no native library supported.
[2019.09.11-20.26.41:011][  0]LogShaderLibrary: Display: Failed to load Shared Shader Library: TaurusTAGD_SC and no native library supported.
[2019.09.11-20.26.41:012][  0]LogRHI: Display: Failed to open default shader pipeline cache for TaurusTAGD using shader platform 0.
[2019.09.11-20.26.41:012][  0]LogShaderLibrary: Display: Failed to load Shared Shader Library: TaurusTAGD and no native library supported.
[2019.09.11-20.26.41:012][  0]LogShaderLibrary: Display: Failed to load Shared Shader Library: TaurusTAGD_SC and no native library supported.
[2019.09.11-20.26.41:012][  0]LogRHI: Display: Failed to open default shader pipeline cache for TaurusTAGD using shader platform 0.
[2019.09.11-20.26.41:012][  0]LogInit: Using OS detected language (en-US).
[2019.09.11-20.26.41:012][  0]LogInit: Using OS detected locale (en-US).
[2019.09.11-20.26.41:025][  0]LogTextLocalizationManager: No localization for 'en-US' exists, so 'en' will be used for the language.
[2019.09.11-20.26.41:026][  0]LogTextLocalizationManager: No localization for 'en-US' exists, so 'en' will be used for the locale.
[2019.09.11-20.26.41:067][  0]LogStreaming: Display: Took  0.055s to InitGameTextLocalization.
[2019.09.11-20.26.41:277][  0]LogAssetRegistry: FAssetRegistry took 0.1388 seconds to start up
[2019.09.11-20.26.43:784][  0]LogStreaming: Display: Flushing async loaders.
[2019.09.11-20.26.43:873][  0]LogPackageLocalizationCache: Processed 9 localized package path(s) for 1 prioritized culture(s) in 0.059822 seconds
[2019.09.11-20.26.43:901][  0]LogPakFile: New pak file ../../../TaurusTAGD/Content/Paks/TaurusTAGD-WindowsNoEditor.pak added to pak precacher.
[2019.09.11-20.26.44:086][  0]LogInit: Selected Device Profile: [WindowsNoEditor]
[2019.09.11-20.26.44:773][  0]LogNetVersion: TaurusTAGD 1.0.0, NetCL: 4212847, EngineNetVer: 5, GameNetVer: 0 (Checksum: 2406796581)
[2019.09.11-20.26.49:017][  0]LogMoviePlayer: Initializing movie player
[2019.09.11-20.26.50:135][  0]LogSlate: Slate font cache was flushed
[2019.09.11-20.26.50:443][  0]LogAndroidPermission: UAndroidPermissionCallbackProxy::GetInstance
[2019.09.11-20.26.50:541][  0]LogOcInput: OculusInput pre-init called
[2019.09.11-20.26.50:779][  0]LogUObjectArray: 33875 objects as part of root set at end of initial load.
[2019.09.11-20.26.50:779][  0]LogUObjectAllocator: 5085280 out of 0 bytes used by permanent object pool.
[2019.09.11-20.26.50:779][  0]LogUObjectArray: CloseDisregardForGC: 0/0 objects in disregard for GC pool
[2019.09.11-20.26.50:980][  0]LogEngine: Initializing Engine...
[2019.09.11-20.26.51:002][  0]LogHMD: Failed to initialize OpenVR with code 110
[2019.09.11-20.26.51:108][  0]LogStats: UGameplayTagsManager::ConstructGameplayTagTree: ImportINI prefixes -  0.043 s
[2019.09.11-20.26.51:119][  0]LogStats: UGameplayTagsManager::ConstructGameplayTagTree: Construct from data asset -  0.012 s
[2019.09.11-20.26.51:120][  0]LogStats: UGameplayTagsManager::ConstructGameplayTagTree: ImportINI -  0.000 s
[2019.09.11-20.26.51:120][  0]LogStats: UGameplayTagsManager::ConstructGameplayTagTree: GameplayTagTreeChangedEvent.Broadcast -  0.000 s
[2019.09.11-20.26.51:313][  0]LogInit: Initializing FReadOnlyCVARCache
[2019.09.11-20.26.52:013][  0]LogInit: XAudio2 using 'Speakers / Headphones (IDT High Definition Audio CODEC)' : 2 channels at 48 kHz using 32 bits per sample (channel mask 0x3)
[2019.09.11-20.26.52:783][  0]LogInit: FAudioDevice initialized.
[2019.09.11-20.26.52:850][  0]LogNetVersion: Set ProjectVersion to 1.0.0.0. Version Checksum will be recalculated on next use.
[2019.09.11-20.26.52:851][  0]LogInit: Texture streaming: Enabled
[2019.09.11-20.26.55:273][  0]LogSlate: Updating window title bar state: overlay mode, drag disabled, window buttons hidden, title bar hidden
[2019.09.11-20.26.55:330][  0]LogInit: Display: Game Engine Initialized.
[2019.09.11-20.26.55:330][  0]LogGameplayTags: Display: UGameplayTagsManager::DoneAddingNativeTags. DelegateIsBound: 0
[2019.09.11-20.26.55:330][  0]LogStats: UGameplayTagsManager::ConstructGameplayTagTree: ImportINI prefixes -  0.000 s
[2019.09.11-20.26.55:330][  0]LogStats: UGameplayTagsManager::ConstructGameplayTagTree: Construct from data asset -  0.000 s
[2019.09.11-20.26.55:331][  0]LogStats: UGameplayTagsManager::ConstructGameplayTagTree: ImportINI -  0.001 s
[2019.09.11-20.26.55:331][  0]LogStats: UGameplayTagsManager::ConstructGameplayTagTree: GameplayTagTreeChangedEvent.Broadcast -  0.000 s
[2019.09.11-20.26.55:479][  0]LogInit: Display: Starting Game.
[2019.09.11-20.26.55:510][  0]LogNet: Browse: /Game/Maps/MainMenu?Name=Player
[2019.09.11-20.26.55:568][  0]LogLoad: LoadMap: /Game/Maps/MainMenu?Name=Player
[2019.09.11-20.26.57:126][  0]LogAIModule: Creating AISystem for world MainMenu
[2019.09.11-20.26.57:142][  0]LogLoad: Game class is 'MainMenuGM_C'
[2019.09.11-20.26.57:160][  0]LogWorld: Bringing World /Game/Maps/MainMenu.MainMenu up for play (max tick rate 0) at 2019.09.11-15.26.57
[2019.09.11-20.26.57:199][  0]LogWorld: Bringing up level for play took: 0.039879
[2019.09.11-20.26.57:353][  0]LogGameMode: FindPlayerStart: PATHS NOT DEFINED or NO PLAYERSTART with positive rating
[2019.09.11-20.26.57:852][  0]LogUMG: Display: Widget Class MainMenuWidget_C - Loaded Fast Template.
[2019.09.11-20.26.58:079][  0]LogLoad: Took 2.510441 seconds to LoadMap(/Game/Maps/MainMenu)
[2019.09.11-20.26.58:235][  0]LogSlate: Took 0.000372 seconds to synchronously load lazily loaded font '../../../Engine/Content/EngineFonts/Faces/RobotoBold.ufont' (160K)
[2019.09.11-20.26.59:059][  0]LogRenderer: Reallocating scene render targets to support 1920x1080 Format 10 NumSamples 1 (Frame:1).
[2019.09.11-20.26.59:059][  0]LogLoad: (Engine Initialization) Total time: 36.62 seconds
[2019.09.11-20.27.02:191][  0]LogContentStreaming: Texture pool size now 1000 MB
[2019.09.11-20.27.08:845][363]LogSlate: FSceneViewport::OnFocusLost() reason 0
[2019.09.11-20.27.08:931][364]LogAudio: Warning: Waited 70.280594ms for audio thread.
[2019.09.11-20.27.08:931][364]LogAudio: Warning: Waited 70.939804ms for audio thread.
[2019.09.11-20.27.09:045][367]LogNet: Browse: /Game/Maps/4PMap1
[2019.09.11-20.27.09:045][367]LogLoad: LoadMap: /Game/Maps/4PMap1
[2019.09.11-20.27.09:340][367]LogStreaming: Display: Flushing async loaders.
[2019.09.11-20.27.09:559][367]LogAIModule: Creating AISystem for world 4PMap1
[2019.09.11-20.27.09:560][367]LogLoad: Game class is 'SacrificeGM_C'
[2019.09.11-20.27.09:731][367]LogWorld: Bringing World /Game/Maps/4PMap1.4PMap1 up for play (max tick rate 0) at 2019.09.11-15.27.09
[2019.09.11-20.27.09:805][367]LogWorld: Bringing up level for play took: 0.230703
[2019.09.11-20.27.09:837][367]LogUMG: Display: Widget Class ScoreboardWidget_C - Loaded Fast Template.
[2019.09.11-20.27.09:912][367]LogSlate: Took 0.000371 seconds to synchronously load lazily loaded font '../../../Engine/Content/Slate/Fonts/Roboto-Regular.ttf' (155K)
[2019.09.11-20.27.09:939][367]LogSlate: New Slate User Created.  User Index 1, Is Virtual User: 0
[2019.09.11-20.27.09:939][367]LogSlate: Slate User Registered.  User Index 1, Is Virtual User: 0
[2019.09.11-20.27.09:941][367]LogSlate: New Slate User Created.  User Index 2, Is Virtual User: 0
[2019.09.11-20.27.09:941][367]LogSlate: Slate User Registered.  User Index 2, Is Virtual User: 0
[2019.09.11-20.27.09:942][367]LogSlate: New Slate User Created.  User Index 3, Is Virtual User: 0
[2019.09.11-20.27.09:943][367]LogSlate: Slate User Registered.  User Index 3, Is Virtual User: 0
[2019.09.11-20.27.09:944][367]LogPlayerManagement: Error: Failed to Create Player: Maximum number of players (4) already created.  Unable to create more.
[2019.09.11-20.27.10:660][367]LogLoad: Took 1.614234 seconds to LoadMap(/Game/Maps/4PMap1)
[2019.09.11-20.27.33:800][766]LogUMG: Display: Widget Class PauseMenu_C - Loaded Fast Template.
[2019.09.11-20.27.42:398][299]LogSlate: FSceneViewport::OnFocusLost() reason 0
[2019.09.11-20.27.42:530][306]Closing by request
[2019.09.11-20.27.42:542][306]LogWindows: FPlatformMisc::RequestExit(0)
[2019.09.11-20.27.43:045][307]LogSlate: Request Window 'TaurusTAGD (64-bit Development PCD3D_SM5) ' being destroyed
[2019.09.11-20.27.43:072][307]LogSlate: Window 'TaurusTAGD (64-bit Development PCD3D_SM5) ' being destroyed
[2019.09.11-20.27.43:075][307]LogWindowsTextInputMethodSystem: Display: IME system now deactivated.
[2019.09.11-20.27.43:152][307]LogSlate: Slate User Destroyed.  User Index 0, Is Virtual User: 0
[2019.09.11-20.27.43:152][307]LogSlate: Slate User Destroyed.  User Index 1, Is Virtual User: 0
[2019.09.11-20.27.43:152][307]LogSlate: Slate User Destroyed.  User Index 2, Is Virtual User: 0
[2019.09.11-20.27.43:152][307]LogSlate: Slate User Destroyed.  User Index 3, Is Virtual User: 0
[2019.09.11-20.27.43:161][307]LogExit: Preparing to exit.
[2019.09.11-20.27.43:161][307]LogMoviePlayer: Shutting down movie player
[2019.09.11-20.27.43:531][307]LogSlate: Updating window title bar state: overlay mode, drag disabled, window buttons hidden, title bar hidden
[2019.09.11-20.27.43:574][307]LogExit: Game engine shut down
[2019.09.11-20.27.43:911][307]LogExit: Object subsystem successfully closed.
[2019.09.11-20.27.44:224][307]LogD3D11RHI: Shutdown
[2019.09.11-20.27.44:225][307]LogD3D11RHI: CleanupD3DDevice
[2019.09.11-20.27.44:264][307]LogD3D11RHI: ~FD3D11DynamicRHI
[2019.09.11-20.27.44:303][307]LogModuleManager: Shutting down and abandoning module AutomationController (186)
[2019.09.11-20.27.44:303][307]LogModuleManager: Shutting down and abandoning module AutomationWorker (184)
[2019.09.11-20.27.44:303][307]LogModuleManager: Shutting down and abandoning module Voice (182)
[2019.09.11-20.27.44:303][307]LogModuleManager: Shutting down and abandoning module AIModule (180)
[2019.09.11-20.27.44:303][307]LogModuleManager: Shutting down and abandoning module GameplayDebugger (179)
[2019.09.11-20.27.44:303][307]LogModuleManager: Shutting down and abandoning module NavigationSystem (177)
[2019.09.11-20.27.44:303][307]LogModuleManager: Shutting down and abandoning module WmfMediaFactory (174)
[2019.09.11-20.27.44:304][307]LogModuleManager: Shutting down and abandoning module OpenExrWrapper (172)
[2019.09.11-20.27.44:304][307]LogModuleManager: Shutting down and abandoning module ImgMediaFactory (170)
[2019.09.11-20.27.44:304][307]LogModuleManager: Shutting down and abandoning module AvfMediaFactory (168)
[2019.09.11-20.27.44:304][307]LogModuleManager: Shutting down and abandoning module CharacterAI (166)
[2019.09.11-20.27.44:304][307]LogModuleManager: Shutting down and abandoning module SessionServices (164)
[2019.09.11-20.27.44:304][307]LogModuleManager: Shutting down and abandoning module MovieSceneTracks (162)
[2019.09.11-20.27.44:304][307]LogModuleManager: Shutting down and abandoning module MovieScene (160)
[2019.09.11-20.27.44:362][307]LogModuleManager: Shutting down and abandoning module StreamingPauseRendering (158)
[2019.09.11-20.27.44:362][307]LogModuleManager: Shutting down and abandoning module ProfilerService (156)
[2019.09.11-20.27.44:422][307]LogModuleManager: Shutting down and abandoning module TaskGraph (154)
[2019.09.11-20.27.44:448][307]LogModuleManager: Shutting down and abandoning module SteamVRController (152)
[2019.09.11-20.27.44:448][307]LogModuleManager: Shutting down and abandoning module ProceduralMeshComponent (150)
[2019.09.11-20.27.44:448][307]LogModuleManager: Shutting down and abandoning module OculusInput (148)
[2019.09.11-20.27.44:448][307]LogModuleManager: Shutting down and abandoning module MobilePatchingUtils (146)
[2019.09.11-20.27.44:448][307]LogModuleManager: Shutting down and abandoning module CustomMeshComponent (144)
[2019.09.11-20.27.44:448][307]LogModuleManager: Shutting down and abandoning module CableComponent (142)
[2019.09.11-20.27.44:448][307]LogModuleManager: Shutting down and abandoning module AudioCapture (140)
[2019.09.11-20.27.44:448][307]LogModuleManager: Shutting down and abandoning module ArchVisCharacter (138)
[2019.09.11-20.27.44:448][307]LogModuleManager: Shutting down and abandoning module AndroidPermission (136)
[2019.09.11-20.27.44:448][307]LogModuleManager: Shutting down and abandoning module MediaCompositing (134)
[2019.09.11-20.27.44:448][307]LogModuleManager: Shutting down and abandoning module LinearTimecode (132)
[2019.09.11-20.27.44:448][307]LogModuleManager: Shutting down and abandoning module ImgMedia (130)
[2019.09.11-20.27.44:449][307]LogModuleManager: Shutting down and abandoning module HTML5Networking (128)
[2019.09.11-20.27.44:449][307]LogModuleManager: Shutting down and abandoning module BackChannel (126)
[2019.09.11-20.27.44:466][307]LogModuleManager: Shutting down and abandoning module AppleVision (124)
[2019.09.11-20.27.44:466][307]LogModuleManager: Shutting down and abandoning module AppleImageUtils (122)
[2019.09.11-20.27.44:466][307]LogModuleManager: Shutting down and abandoning module GeometryCacheTracks (120)
[2019.09.11-20.27.44:466][307]LogModuleManager: Shutting down and abandoning module GeometryCache (118)
[2019.09.11-20.27.44:466][307]LogModuleManager: Shutting down and abandoning module DatasmithContent (116)
[2019.09.11-20.27.44:466][307]LogModuleManager: Shutting down and abandoning module EditableMesh (114)
[2019.09.11-20.27.44:466][307]LogModuleManager: Shutting down and abandoning module RuntimePhysXCooking (112)
[2019.09.11-20.27.44:466][307]LogModuleManager: Shutting down and abandoning module PhysXVehicles (110)
[2019.09.11-20.27.44:466][307]LogModuleManager: Shutting down and abandoning module LocationServicesBPLibrary (108)
[2019.09.11-20.27.44:466][307]LogModuleManager: Shutting down and abandoning module ImmediatePhysics (106)
[2019.09.11-20.27.44:466][307]LogModuleManager: Shutting down and abandoning module ActorSequence (104)
[2019.09.11-20.27.44:466][307]LogModuleManager: Shutting down and abandoning module UdpMessaging (102)
[2019.09.11-20.27.44:466][307]LogModuleManager: Shutting down and abandoning module TcpMessaging (100)
[2019.09.11-20.27.44:466][307]LogModuleManager: Shutting down and abandoning module FacialAnimation (98)
[2019.09.11-20.27.44:466][307]LogModuleManager: Shutting down and abandoning module LightPropagationVolumeRuntime (96)
[2019.09.11-20.27.44:466][307]LogModuleManager: Shutting down and abandoning module AISupportModule (94)
[2019.09.11-20.27.44:466][307]LogModuleManager: Shutting down and abandoning module Paper2D (92)
[2019.09.11-20.27.44:466][307]LogModuleManager: Shutting down and abandoning module WindowsMoviePlayer (90)
[2019.09.11-20.27.44:505][307]LogModuleManager: Shutting down and abandoning module WmfMedia (88)
[2019.09.11-20.27.44:507][307]LogModuleManager: Shutting down and abandoning module Media (87)
[2019.09.11-20.27.44:513][307]LogModuleManager: Shutting down and abandoning module PacketHandler (84)
[2019.09.11-20.27.44:513][307]LogModuleManager: Shutting down and abandoning module ClothingSystemRuntime (82)
[2019.09.11-20.27.44:540][307]LogModuleManager: Shutting down and abandoning module MediaAssets (80)
[2019.09.11-20.27.44:540][307]LogModuleManager: Shutting down and abandoning module Overlay (78)
[2019.09.11-20.27.44:540][307]LogModuleManager: Shutting down and abandoning module UMG (76)
[2019.09.11-20.27.44:540][307]LogModuleManager: Shutting down and abandoning module SlateReflector (74)
[2019.09.11-20.27.44:549][307]LogModuleManager: Shutting down and abandoning module Slate (72)
[2019.09.11-20.27.44:549][307]LogModuleManager: Shutting down and abandoning module MRMesh (70)
[2019.09.11-20.27.44:549][307]LogModuleManager: Shutting down and abandoning module Messaging (68)
[2019.09.11-20.27.44:549][307]LogModuleManager: Shutting down and abandoning module HeadMountedDisplay (66)
[2019.09.11-20.27.44:549][307]LogModuleManager: Shutting down and abandoning module XAudio2 (64)
[2019.09.11-20.27.44:549][307]LogModuleManager: Shutting down and abandoning module Networking (62)
[2019.09.11-20.27.44:549][307]LogModuleManager: Shutting down and abandoning module Core (60)
[2019.09.11-20.27.44:549][307]LogModuleManager: Shutting down and abandoning module LevelSequence (58)
[2019.09.11-20.27.44:549][307]LogModuleManager: Shutting down and abandoning module ImageWrapper (54)
[2019.09.11-20.27.44:549][307]LogModuleManager: Shutting down and abandoning module InputCore (52)
[2019.09.11-20.27.44:549][307]LogModuleManager: Shutting down and abandoning module PhysXCooking (50)
[2019.09.11-20.27.44:549][307]LogModuleManager: Shutting down and abandoning module SteamVR (48)
[2019.09.11-20.27.44:549][307]LogModuleManager: Shutting down and abandoning module OculusHMD (46)
[2019.09.11-20.27.44:562][307]LogModuleManager: Shutting down and abandoning module ExampleDeviceProfileSelector (44)
[2019.09.11-20.27.44:562][307]LogModuleManager: Shutting down and abandoning module LauncherChunkInstaller (42)
[2019.09.11-20.27.44:562][307]LogModuleManager: Shutting down and abandoning module OnlineSubsystem (38)
[2019.09.11-20.27.44:573][307]LogModuleManager: Shutting down and abandoning module HTTP (33)
[2019.09.11-20.27.44:613][307]LogModuleManager: Shutting down and abandoning module SSL (32)
[2019.09.11-20.27.44:613][307]LogModuleManager: Shutting down and abandoning module ShaderCore (28)
[2019.09.11-20.27.44:613][307]LogModuleManager: Shutting down and abandoning module Landscape (26)
[2019.09.11-20.27.44:613][307]LogModuleManager: Shutting down and abandoning module SlateRHIRenderer (24)
[2019.09.11-20.27.44:624][307]LogModuleManager: Shutting down and abandoning module OpenGLDrv (22)
[2019.09.11-20.27.44:624][307]LogModuleManager: Shutting down and abandoning module D3D11RHI (20)
[2019.09.11-20.27.44:624][307]LogModuleManager: Shutting down and abandoning module AnimGraphRuntime (18)
[2019.09.11-20.27.44:624][307]LogModuleManager: Shutting down and abandoning module Renderer (16)
[2019.09.11-20.27.44:624][307]LogModuleManager: Shutting down and abandoning module Engine (14)
[2019.09.11-20.27.44:624][307]LogModuleManager: Shutting down and abandoning module CoreUObject (12)
[2019.09.11-20.27.44:624][307]LogModuleManager: Shutting down and abandoning module NetworkFile (10)
[2019.09.11-20.27.44:624][307]LogModuleManager: Shutting down and abandoning module CookedIterativeFile (8)
[2019.09.11-20.27.44:624][307]LogModuleManager: Shutting down and abandoning module StreamingFile (6)
[2019.09.11-20.27.44:624][307]LogModuleManager: Shutting down and abandoning module SandboxFile (4)
[2019.09.11-20.27.44:624][307]LogModuleManager: Shutting down and abandoning module PakFile (2)
[2019.09.11-20.27.44:684][307]LogExit: Exiting.
[2019.09.11-20.27.44:702][307]Log file closed, 09/11/19 15:27:44
